[Info] Loaded 3 refs. Label: 라이터
[Info] Detected 40 landmarks from data.
[Info] Loaded 119 negative samples.
[020] Loss: 3.1924
[040] Loss: 1.0359
[060] Loss: 0.4506
[080] Loss: 0.2157
[100] Loss: 0.3070
[120] Loss: 0.1811
[140] Loss: 0.1695
[160] Loss: 0.1375
[180] Loss: 0.1443
[200] Loss: 0.1489
[220] Loss: 0.1092
[240] Loss: 0.0867
[260] Loss: 0.0963
[280] Loss: 0.0850
[300] Loss: 0.0797
[320] Loss: 0.0841
[340] Loss: 0.0905
[360] Loss: 0.0815
[380] Loss: 0.0718
[400] Loss: 0.0656
[420] Loss: 0.0705
[440] Loss: 0.0685
[460] Loss: 0.0665
[480] Loss: 0.0611
[500] Loss: 0.0540
[Done] Model saved to runs/all_oneword\oneword_라이터_neg
