[Info] Loaded 3 refs. Label: 소주
[Info] Detected 40 landmarks from data.
[Info] Loaded 119 negative samples.
[020] Loss: 3.6868
[040] Loss: 1.2398
[060] Loss: 0.5307
[080] Loss: 0.2910
[100] Loss: 0.1756
[120] Loss: 0.1634
[140] Loss: 0.1349
[160] Loss: 0.1338
[180] Loss: 0.1299
[200] Loss: 0.1213
[220] Loss: 0.1263
[240] Loss: 0.1342
[260] Loss: 0.1006
[280] Loss: 0.0989
[300] Loss: 0.0766
[320] Loss: 0.0831
[340] Loss: 0.0878
[360] Loss: 0.0822
[380] Loss: 0.0845
[400] Loss: 0.0911
[420] Loss: 0.0717
[440] Loss: 0.0675
[460] Loss: 0.0828
[480] Loss: 0.0667
[500] Loss: 0.0644
[Done] Model saved to runs/all_oneword\oneword_소주_neg
